[debug] [2022-11-06T21:26:32.058Z] ----------------------------------------------------------------------
[debug] [2022-11-06T21:26:32.060Z] Command:       /home/skatx/.nvm/versions/node/v18.9.0/bin/node /home/skatx/.nvm/versions/node/v18.9.0/bin/firebase deploy
[debug] [2022-11-06T21:26:32.060Z] CLI Version:   11.14.4
[debug] [2022-11-06T21:26:32.060Z] Platform:      linux
[debug] [2022-11-06T21:26:32.061Z] Node Version:  v18.9.0
[debug] [2022-11-06T21:26:32.061Z] Time:          Mon Nov 07 2022 03:26:32 GMT+0600 (Bangladesh Standard Time)
[debug] [2022-11-06T21:26:32.061Z] ----------------------------------------------------------------------
[debug] 
[debug] [2022-11-06T21:26:32.123Z] > command requires scopes: ["email","openid","https://www.googleapis.com/auth/cloudplatformprojects.readonly","https://www.googleapis.com/auth/firebase","https://www.googleapis.com/auth/cloud-platform"]
[debug] [2022-11-06T21:26:32.123Z] > authorizing via signed-in user (zahidhasan125@gmail.com)
[debug] [2022-11-06T21:26:32.123Z] [iam] checking project my-genius-car-auth for permissions ["firebase.projects.get","firebasehosting.sites.update"]
[debug] [2022-11-06T21:26:32.125Z] >>> [apiv2][query] POST https://cloudresourcemanager.googleapis.com/v1/projects/my-genius-car-auth:testIamPermissions [none]
[debug] [2022-11-06T21:26:32.126Z] >>> [apiv2][(partial)header] POST https://cloudresourcemanager.googleapis.com/v1/projects/my-genius-car-auth:testIamPermissions x-goog-quota-user=projects/my-genius-car-auth
[debug] [2022-11-06T21:26:32.126Z] >>> [apiv2][body] POST https://cloudresourcemanager.googleapis.com/v1/projects/my-genius-car-auth:testIamPermissions {"permissions":["firebase.projects.get","firebasehosting.sites.update"]}
[debug] [2022-11-06T21:26:33.448Z] <<< [apiv2][status] POST https://cloudresourcemanager.googleapis.com/v1/projects/my-genius-car-auth:testIamPermissions 200
[debug] [2022-11-06T21:26:33.448Z] <<< [apiv2][body] POST https://cloudresourcemanager.googleapis.com/v1/projects/my-genius-car-auth:testIamPermissions {"permissions":["firebase.projects.get","firebasehosting.sites.update"]}
[debug] [2022-11-06T21:26:33.450Z] >>> [apiv2][query] GET https://firebase.googleapis.com/v1beta1/projects/my-genius-car-auth [none]
[debug] [2022-11-06T21:26:33.958Z] <<< [apiv2][status] GET https://firebase.googleapis.com/v1beta1/projects/my-genius-car-auth 200
[debug] [2022-11-06T21:26:33.959Z] <<< [apiv2][body] GET https://firebase.googleapis.com/v1beta1/projects/my-genius-car-auth {"projectId":"my-genius-car-auth","projectNumber":"1091407604270","displayName":"my-genius-car-auth","name":"projects/my-genius-car-auth","resources":{"hostingSite":"my-genius-car-auth"},"state":"ACTIVE","etag":"1_1b2e9086-9bb4-4b65-80cd-96ec565dbfaf"}
[info] 
[info] === Deploying to 'my-genius-car-auth'...
[info] 
[info] i  deploying hosting 
[debug] [2022-11-06T21:26:33.972Z] >>> [apiv2][query] POST https://firebasehosting.googleapis.com/v1beta1/projects/-/sites/my-genius-car-auth/versions [none]
[debug] [2022-11-06T21:26:33.972Z] >>> [apiv2][body] POST https://firebasehosting.googleapis.com/v1beta1/projects/-/sites/my-genius-car-auth/versions {"status":"CREATED","labels":{"deployment-tool":"cli-firebase"}}
[debug] [2022-11-06T21:26:35.046Z] <<< [apiv2][status] POST https://firebasehosting.googleapis.com/v1beta1/projects/-/sites/my-genius-car-auth/versions 200
[debug] [2022-11-06T21:26:35.047Z] <<< [apiv2][body] POST https://firebasehosting.googleapis.com/v1beta1/projects/-/sites/my-genius-car-auth/versions {"name":"projects/1091407604270/sites/my-genius-car-auth/versions/bcc1fa7a4f412348","status":"CREATED","config":{},"labels":{"deployment-tool":"cli-firebase"}}
[info] i  hosting[my-genius-car-auth]: beginning deploy... 
[info] i  hosting[my-genius-car-auth]: found 26 files in build 
[debug] [2022-11-06T21:26:35.089Z] [hosting] uploading with 200 concurrency
[debug] [2022-11-06T21:26:35.407Z] [hosting] hash cache [YnVpbGQ] stored for 26 files
[debug] [2022-11-06T21:26:35.407Z] [hosting][hash queue][FINAL] {"max":296,"min":32,"avg":117.76923076923077,"active":0,"complete":26,"success":26,"errored":0,"retried":0,"total":26,"elapsed":309}
[debug] [2022-11-06T21:26:35.408Z] >>> [apiv2][query] POST https://firebasehosting.googleapis.com/v1beta1/projects/1091407604270/sites/my-genius-car-auth/versions/bcc1fa7a4f412348:populateFiles [none]
[debug] [2022-11-06T21:26:35.408Z] >>> [apiv2][body] POST https://firebasehosting.googleapis.com/v1beta1/projects/1091407604270/sites/my-genius-car-auth/versions/bcc1fa7a4f412348:populateFiles {"files":{"/asset-manifest.json":"4a7086717b1cbd52c94c7866129fb16a4e122756476af32a60dcc2560edc5306","/index.html":"9dfa99902c1fbccb6c09a9e3585daa2c890b984434b2d44a8e1435c5475ea9bc","/manifest.json":"0958a5e0c831126100c8c2d06a6bbaa665a3900f21aaff4130238a6f5a113aa1","/robots.txt":"2544ca049f223a42bff01f72ad930a5edba75bbb7199d0f8430a02ff5aca16ec","/favicon.ico":"c599b7a91ab3627e3538125d9f40adc2d4bf949046984262670545dc7738af06","/logo512.png":"7779210d56c1f3741e2e487799fe3092def4fa6ac450a60532b807c3a8971205","/static/js/787.6198c1d5.chunk.js.map":"9bd4c8cb2de2edd2ea4698a7a56c42a4d6cc91676ce014020985bad9cb11e0a1","/static/js/787.6198c1d5.chunk.js":"05e7bfb40fb65261ade7bccec43c7493149701a1a9c8bec43339701da5890eb1","/static/js/main.b281a22c.js.LICENSE.txt":"7723c19cccff9c9bb82672669ef450377729df52a9186fdf0eac44b4ca9f2c16","/static/css/main.ccc838ae.css.map":"41af4a5a69722864a000a73552ab60de4393cca15997fcfd97c61c5e77adc274","/static/media/logo.a2470400f180bfac8d97880fc478101e.svg":"8ab7f5cae49c992bb95ac325a00673addf327e05601c68403cd43b499e6a473c","/logo192.png":"76c449ccb9cd117c2f2338f091b18f7050f3210e249b2228f5c81b23f34377cd","/products.json":"4a0fd045035e9d39609449d787fecf2518e3ce044cfc8c0621f9b8bbe2da7839","/services.json":"38c7fa0278a996f88b7516eba981237c1df2980abc239bde0af24f42e3734330","/static/css/main.ccc838ae.css":"edb1a5b44bb39e709507bb612607875fd7aaa90dc38652b3ac5695e0e0c50bdc","/static/media/login.2b00a57b9fea2b1d57315ac4bdd1c48b.svg":"725141dcac097e46dcd39461a1ac8dcf30f40ee2a7b5a2f3fa9afffe86dec328","/static/js/main.b281a22c.js":"6e615cd11bfdde7d1be8ffc8c637648eba660d9142edec154282f3ef88156f86","/static/media/3.c91e1e0921121617da2a.jpg":"918055248ae5df3f26f37048076d6bf7a9390fe1d0fead29fa858d105713cd60","/static/media/parts.5d7c45c1faece42734fc.jpg":"6a802a4167ceff8190e04ace89205a2a6d5f7b6f433f3c158cdd9cd6ce647bd5","/static/media/5.5369d3ba48241a246f54.jpg":"0eaeee44134362026b41b852ae9090e592506859ac3419de7fb97c478a899a56","/static/media/4.2f62022d0a5004b2288f.jpg":"dba320db36904d5d458e82ae9f8782420565eec5bee8ae3d55d4ddc138e00989","/static/media/1.4e475131b84d3136b09f.jpg":"17929fdbc49427c91753460e80dac765a33d30f659403e7de1568910abe19bf6","/static/media/2.633a6ac636906e1d0fad.jpg":"f72cacfb4110d4dec3179da6941665a9f07796e7f1d9d10a1bdd2b8bcd9745d9","/static/media/6.b18dd0e62cb4e0fdbe7d.jpg":"1edf922619edba8432b2033faf5fe27eb618a1bb355571b431851b004b726b01","/static/media/person.946b62323b8beee0fab8.jpg":"8470e9d9f9ac9b46157f804033cdc16f0cd9592b0bad9a452ffeb3c75d527c76","/static/js/main.b281a22c.js.map":"319b8186aade00dde931c6d3bab8d1db2a31e92d48d3fd128012f05b0c52d5b4"}}
[debug] [2022-11-06T21:26:36.208Z] <<< [apiv2][status] POST https://firebasehosting.googleapis.com/v1beta1/projects/1091407604270/sites/my-genius-car-auth/versions/bcc1fa7a4f412348:populateFiles 200
[debug] [2022-11-06T21:26:36.209Z] <<< [apiv2][body] POST https://firebasehosting.googleapis.com/v1beta1/projects/1091407604270/sites/my-genius-car-auth/versions/bcc1fa7a4f412348:populateFiles {"uploadRequiredHashes":["319b8186aade00dde931c6d3bab8d1db2a31e92d48d3fd128012f05b0c52d5b4","9dfa99902c1fbccb6c09a9e3585daa2c890b984434b2d44a8e1435c5475ea9bc","4a7086717b1cbd52c94c7866129fb16a4e122756476af32a60dcc2560edc5306","6e615cd11bfdde7d1be8ffc8c637648eba660d9142edec154282f3ef88156f86"],"uploadUrl":"https://upload-firebasehosting.googleapis.com/upload/sites/my-genius-car-auth/versions/bcc1fa7a4f412348/files"}
[debug] [2022-11-06T21:26:36.209Z] >>> [apiv2][query] POST https://upload-firebasehosting.googleapis.com/upload/sites/my-genius-car-auth/versions/bcc1fa7a4f412348/files/319b8186aade00dde931c6d3bab8d1db2a31e92d48d3fd128012f05b0c52d5b4 [none]
[debug] [2022-11-06T21:26:36.210Z] >>> [apiv2][body] POST https://upload-firebasehosting.googleapis.com/upload/sites/my-genius-car-auth/versions/bcc1fa7a4f412348/files/319b8186aade00dde931c6d3bab8d1db2a31e92d48d3fd128012f05b0c52d5b4 [stream]
[debug] [2022-11-06T21:26:36.211Z] >>> [apiv2][query] POST https://upload-firebasehosting.googleapis.com/upload/sites/my-genius-car-auth/versions/bcc1fa7a4f412348/files/9dfa99902c1fbccb6c09a9e3585daa2c890b984434b2d44a8e1435c5475ea9bc [none]
[debug] [2022-11-06T21:26:36.211Z] >>> [apiv2][body] POST https://upload-firebasehosting.googleapis.com/upload/sites/my-genius-car-auth/versions/bcc1fa7a4f412348/files/9dfa99902c1fbccb6c09a9e3585daa2c890b984434b2d44a8e1435c5475ea9bc [stream]
[debug] [2022-11-06T21:26:36.212Z] >>> [apiv2][query] POST https://upload-firebasehosting.googleapis.com/upload/sites/my-genius-car-auth/versions/bcc1fa7a4f412348/files/4a7086717b1cbd52c94c7866129fb16a4e122756476af32a60dcc2560edc5306 [none]
[debug] [2022-11-06T21:26:36.212Z] >>> [apiv2][body] POST https://upload-firebasehosting.googleapis.com/upload/sites/my-genius-car-auth/versions/bcc1fa7a4f412348/files/4a7086717b1cbd52c94c7866129fb16a4e122756476af32a60dcc2560edc5306 [stream]
[debug] [2022-11-06T21:26:36.213Z] >>> [apiv2][query] POST https://upload-firebasehosting.googleapis.com/upload/sites/my-genius-car-auth/versions/bcc1fa7a4f412348/files/6e615cd11bfdde7d1be8ffc8c637648eba660d9142edec154282f3ef88156f86 [none]
[debug] [2022-11-06T21:26:36.213Z] >>> [apiv2][body] POST https://upload-firebasehosting.googleapis.com/upload/sites/my-genius-car-auth/versions/bcc1fa7a4f412348/files/6e615cd11bfdde7d1be8ffc8c637648eba660d9142edec154282f3ef88156f86 [stream]
[debug] [2022-11-06T21:26:36.213Z] [hosting][populate queue][FINAL] {"max":803,"min":803,"avg":803,"active":0,"complete":1,"success":1,"errored":0,"retried":0,"total":1,"elapsed":807}
[debug] [2022-11-06T21:26:36.213Z] [hosting] uploads queued: 4
[debug] [2022-11-06T21:26:38.147Z] <<< [apiv2][status] POST https://upload-firebasehosting.googleapis.com/upload/sites/my-genius-car-auth/versions/bcc1fa7a4f412348/files/6e615cd11bfdde7d1be8ffc8c637648eba660d9142edec154282f3ef88156f86 200
[debug] [2022-11-06T21:26:38.147Z] <<< [apiv2][body] POST https://upload-firebasehosting.googleapis.com/upload/sites/my-genius-car-auth/versions/bcc1fa7a4f412348/files/6e615cd11bfdde7d1be8ffc8c637648eba660d9142edec154282f3ef88156f86 [stream]
[debug] [2022-11-06T21:26:39.088Z] <<< [apiv2][status] POST https://upload-firebasehosting.googleapis.com/upload/sites/my-genius-car-auth/versions/bcc1fa7a4f412348/files/4a7086717b1cbd52c94c7866129fb16a4e122756476af32a60dcc2560edc5306 200
[debug] [2022-11-06T21:26:39.089Z] <<< [apiv2][body] POST https://upload-firebasehosting.googleapis.com/upload/sites/my-genius-car-auth/versions/bcc1fa7a4f412348/files/4a7086717b1cbd52c94c7866129fb16a4e122756476af32a60dcc2560edc5306 [stream]
[debug] [2022-11-06T21:26:39.869Z] <<< [apiv2][status] POST https://upload-firebasehosting.googleapis.com/upload/sites/my-genius-car-auth/versions/bcc1fa7a4f412348/files/9dfa99902c1fbccb6c09a9e3585daa2c890b984434b2d44a8e1435c5475ea9bc 200
[debug] [2022-11-06T21:26:39.869Z] <<< [apiv2][body] POST https://upload-firebasehosting.googleapis.com/upload/sites/my-genius-car-auth/versions/bcc1fa7a4f412348/files/9dfa99902c1fbccb6c09a9e3585daa2c890b984434b2d44a8e1435c5475ea9bc [stream]
